<?xml version="1.0" encoding="UTF-8"?>
<testsuite xmlns:xsi="http://www.w3.org/2001/XMLSchema-instance" xsi:noNamespaceSchemaLocation="https://maven.apache.org/surefire/maven-surefire-plugin/xsd/surefire-test-report.xsd" version="3.0.2" name="de.equipli.InventoryItemResourceTest" time="23.665" tests="4" errors="0" skipped="0" failures="1">
  <properties>
    <property name="java.specification.version" value="21"/>
    <property name="test.url" value="http://localhost:8081"/>
    <property name="sun.jnu.encoding" value="UTF-8"/>
    <property name="io.quarkus.security.http.test-if-basic-auth-implicitly-required" value="true"/>
    <property name="java.class.path" value="/Users/janniknu/01_Projekte/Projekt_Inventarverwaltung/inv/iiservice/target/test-classes:/Users/janniknu/01_Projekte/Projekt_Inventarverwaltung/inv/iiservice/target/classes:/Users/janniknu/.m2/repository/io/quarkus/quarkus-rest/3.15.1/quarkus-rest-3.15.1.jar:/Users/janniknu/.m2/repository/io/quarkus/quarkus-rest-common/3.15.1/quarkus-rest-common-3.15.1.jar:/Users/janniknu/.m2/repository/io/quarkus/resteasy/reactive/resteasy-reactive-common/3.15.1/resteasy-reactive-common-3.15.1.jar:/Users/janniknu/.m2/repository/io/quarkus/resteasy/reactive/resteasy-reactive-common-types/3.15.1/resteasy-reactive-common-types-3.15.1.jar:/Users/janniknu/.m2/repository/org/reactivestreams/reactive-streams/1.0.4/reactive-streams-1.0.4.jar:/Users/janniknu/.m2/repository/io/smallrye/common/smallrye-common-annotation/2.6.0/smallrye-common-annotation-2.6.0.jar:/Users/janniknu/.m2/repository/io/quarkus/quarkus-mutiny/3.15.1/quarkus-mutiny-3.15.1.jar:/Users/janniknu/.m2/repository/io/quarkus/quarkus-smallrye-context-propagation/3.15.1/quarkus-smallrye-context-propagation-3.15.1.jar:/Users/janniknu/.m2/repository/io/smallrye/smallrye-context-propagation/2.1.2/smallrye-context-propagation-2.1.2.jar:/Users/janniknu/.m2/repository/io/smallrye/smallrye-context-propagation-api/2.1.2/smallrye-context-propagation-api-2.1.2.jar:/Users/janniknu/.m2/repository/io/smallrye/smallrye-context-propagation-storage/2.1.2/smallrye-context-propagation-storage-2.1.2.jar:/Users/janniknu/.m2/repository/io/smallrye/reactive/mutiny-smallrye-context-propagation/2.6.2/mutiny-smallrye-context-propagation-2.6.2.jar:/Users/janniknu/.m2/repository/io/quarkus/quarkus-vertx/3.15.1/quarkus-vertx-3.15.1.jar:/Users/janniknu/.m2/repository/io/quarkus/quarkus-netty/3.15.1/quarkus-netty-3.15.1.jar:/Users/janniknu/.m2/repository/io/netty/netty-codec/4.1.111.Final/netty-codec-4.1.111.Final.jar:/Users/janniknu/.m2/repository/com/aayushatharva/brotli4j/brotli4j/1.16.0/brotli4j-1.16.0.jar:/Users/janniknu/.m2/repository/com/aayushatharva/brotli4j/service/1.16.0/service-1.16.0.jar:/Users/janniknu/.m2/repository/com/aayushatharva/brotli4j/native-osx-x86_64/1.16.0/native-osx-x86_64-1.16.0.jar:/Users/janniknu/.m2/repository/io/netty/netty-codec-haproxy/4.1.111.Final/netty-codec-haproxy-4.1.111.Final.jar:/Users/janniknu/.m2/repository/io/quarkus/quarkus-vertx-latebound-mdc-provider/3.15.1/quarkus-vertx-latebound-mdc-provider-3.15.1.jar:/Users/janniknu/.m2/repository/io/smallrye/smallrye-fault-tolerance-vertx/6.4.0/smallrye-fault-tolerance-vertx-6.4.0.jar:/Users/janniknu/.m2/repository/io/quarkus/resteasy/reactive/resteasy-reactive-vertx/3.15.1/resteasy-reactive-vertx-3.15.1.jar:/Users/janniknu/.m2/repository/io/vertx/vertx-web/4.5.10/vertx-web-4.5.10.jar:/Users/janniknu/.m2/repository/io/vertx/vertx-web-common/4.5.10/vertx-web-common-4.5.10.jar:/Users/janniknu/.m2/repository/io/vertx/vertx-auth-common/4.5.10/vertx-auth-common-4.5.10.jar:/Users/janniknu/.m2/repository/io/vertx/vertx-bridge-common/4.5.10/vertx-bridge-common-4.5.10.jar:/Users/janniknu/.m2/repository/io/smallrye/reactive/smallrye-mutiny-vertx-core/3.15.0/smallrye-mutiny-vertx-core-3.15.0.jar:/Users/janniknu/.m2/repository/io/smallrye/reactive/smallrye-mutiny-vertx-runtime/3.15.0/smallrye-mutiny-vertx-runtime-3.15.0.jar:/Users/janniknu/.m2/repository/io/smallrye/reactive/vertx-mutiny-generator/3.15.0/vertx-mutiny-generator-3.15.0.jar:/Users/janniknu/.m2/repository/io/vertx/vertx-codegen/4.5.10/vertx-codegen-4.5.10.jar:/Users/janniknu/.m2/repository/io/quarkus/resteasy/reactive/resteasy-reactive/3.15.1/resteasy-reactive-3.15.1.jar:/Users/janniknu/.m2/repository/io/quarkus/vertx/utils/quarkus-vertx-utils/3.15.1/quarkus-vertx-utils-3.15.1.jar:/Users/janniknu/.m2/repository/jakarta/enterprise/jakarta.enterprise.cdi-api/4.1.0/jakarta.enterprise.cdi-api-4.1.0.jar:/Users/janniknu/.m2/repository/jakarta/enterprise/jakarta.enterprise.lang-model/4.1.0/jakarta.enterprise.lang-model-4.1.0.jar:/Users/janniknu/.m2/repository/jakarta/el/jakarta.el-api/5.0.1/jakarta.el-api-5.0.1.jar:/Users/janniknu/.m2/repository/jakarta/interceptor/jakarta.interceptor-api/2.2.0/jakarta.interceptor-api-2.2.0.jar:/Users/janniknu/.m2/repository/jakarta/ws/rs/jakarta.ws.rs-api/3.1.0/jakarta.ws.rs-api-3.1.0.jar:/Users/janniknu/.m2/repository/jakarta/annotation/jakarta.annotation-api/3.0.0/jakarta.annotation-api-3.0.0.jar:/Users/janniknu/.m2/repository/org/jboss/logging/commons-logging-jboss-logging/1.0.0.Final/commons-logging-jboss-logging-1.0.0.Final.jar:/Users/janniknu/.m2/repository/org/jboss/logging/jboss-logging/3.6.0.Final/jboss-logging-3.6.0.Final.jar:/Users/janniknu/.m2/repository/io/quarkus/quarkus-vertx-http/3.15.1/quarkus-vertx-http-3.15.1.jar:/Users/janniknu/.m2/repository/io/quarkus/quarkus-security-runtime-spi/3.15.1/quarkus-security-runtime-spi-3.15.1.jar:/Users/janniknu/.m2/repository/io/quarkus/quarkus-tls-registry/3.15.1/quarkus-tls-registry-3.15.1.jar:/Users/janniknu/.m2/repository/io/quarkus/quarkus-credentials/3.15.1/quarkus-credentials-3.15.1.jar:/Users/janniknu/.m2/repository/io/smallrye/common/smallrye-common-vertx-context/2.6.0/smallrye-common-vertx-context-2.6.0.jar:/Users/janniknu/.m2/repository/io/smallrye/common/smallrye-common-constraint/2.6.0/smallrye-common-constraint-2.6.0.jar:/Users/janniknu/.m2/repository/io/quarkus/security/quarkus-security/2.1.0/quarkus-security-2.1.0.jar:/Users/janniknu/.m2/repository/io/smallrye/reactive/smallrye-mutiny-vertx-web/3.15.0/smallrye-mutiny-vertx-web-3.15.0.jar:/Users/janniknu/.m2/repository/io/smallrye/reactive/smallrye-mutiny-vertx-web-common/3.15.0/smallrye-mutiny-vertx-web-common-3.15.0.jar:/Users/janniknu/.m2/repository/io/smallrye/reactive/smallrye-mutiny-vertx-auth-common/3.15.0/smallrye-mutiny-vertx-auth-common-3.15.0.jar:/Users/janniknu/.m2/repository/io/smallrye/reactive/smallrye-mutiny-vertx-bridge-common/3.15.0/smallrye-mutiny-vertx-bridge-common-3.15.0.jar:/Users/janniknu/.m2/repository/io/smallrye/reactive/smallrye-mutiny-vertx-uri-template/3.15.0/smallrye-mutiny-vertx-uri-template-3.15.0.jar:/Users/janniknu/.m2/repository/io/vertx/vertx-uri-template/4.5.10/vertx-uri-template-4.5.10.jar:/Users/janniknu/.m2/repository/io/github/crac/org-crac/0.1.3/org-crac-0.1.3.jar:/Users/janniknu/.m2/repository/io/quarkus/quarkus-jsonp/3.15.1/quarkus-jsonp-3.15.1.jar:/Users/janniknu/.m2/repository/org/eclipse/parsson/parsson/1.1.7/parsson-1.1.7.jar:/Users/janniknu/.m2/repository/io/quarkus/quarkus-virtual-threads/3.15.1/quarkus-virtual-threads-3.15.1.jar:/Users/janniknu/.m2/repository/io/vertx/vertx-core/4.5.10/vertx-core-4.5.10.jar:/Users/janniknu/.m2/repository/io/netty/netty-common/4.1.111.Final/netty-common-4.1.111.Final.jar:/Users/janniknu/.m2/repository/io/netty/netty-buffer/4.1.111.Final/netty-buffer-4.1.111.Final.jar:/Users/janniknu/.m2/repository/io/netty/netty-transport/4.1.111.Final/netty-transport-4.1.111.Final.jar:/Users/janniknu/.m2/repository/io/netty/netty-handler/4.1.111.Final/netty-handler-4.1.111.Final.jar:/Users/janniknu/.m2/repository/io/netty/netty-transport-native-unix-common/4.1.111.Final/netty-transport-native-unix-common-4.1.111.Final.jar:/Users/janniknu/.m2/repository/io/netty/netty-handler-proxy/4.1.111.Final/netty-handler-proxy-4.1.111.Final.jar:/Users/janniknu/.m2/repository/io/netty/netty-codec-socks/4.1.111.Final/netty-codec-socks-4.1.111.Final.jar:/Users/janniknu/.m2/repository/io/netty/netty-codec-http/4.1.111.Final/netty-codec-http-4.1.111.Final.jar:/Users/janniknu/.m2/repository/io/netty/netty-codec-http2/4.1.111.Final/netty-codec-http2-4.1.111.Final.jar:/Users/janniknu/.m2/repository/io/netty/netty-resolver/4.1.111.Final/netty-resolver-4.1.111.Final.jar:/Users/janniknu/.m2/repository/io/netty/netty-resolver-dns/4.1.111.Final/netty-resolver-dns-4.1.111.Final.jar:/Users/janniknu/.m2/repository/io/netty/netty-codec-dns/4.1.111.Final/netty-codec-dns-4.1.111.Final.jar:/Users/janniknu/.m2/repository/io/quarkus/quarkus-rest-jackson/3.15.1/quarkus-rest-jackson-3.15.1.jar:/Users/janniknu/.m2/repository/io/quarkus/quarkus-rest-jackson-common/3.15.1/quarkus-rest-jackson-common-3.15.1.jar:/Users/janniknu/.m2/repository/io/quarkus/resteasy/reactive/resteasy-reactive-jackson/3.15.1/resteasy-reactive-jackson-3.15.1.jar:/Users/janniknu/.m2/repository/io/quarkus/quarkus-jackson/3.15.1/quarkus-jackson-3.15.1.jar:/Users/janniknu/.m2/repository/com/fasterxml/jackson/datatype/jackson-datatype-jsr310/2.17.2/jackson-datatype-jsr310-2.17.2.jar:/Users/janniknu/.m2/repository/com/fasterxml/jackson/datatype/jackson-datatype-jdk8/2.17.2/jackson-datatype-jdk8-2.17.2.jar:/Users/janniknu/.m2/repository/com/fasterxml/jackson/module/jackson-module-parameter-names/2.17.2/jackson-module-parameter-names-2.17.2.jar:/Users/janniknu/.m2/repository/io/quarkus/quarkus-hibernate-orm-panache/3.15.1/quarkus-hibernate-orm-panache-3.15.1.jar:/Users/janniknu/.m2/repository/io/quarkus/quarkus-hibernate-orm-panache-common/3.15.1/quarkus-hibernate-orm-panache-common-3.15.1.jar:/Users/janniknu/.m2/repository/io/quarkus/quarkus-panache-hibernate-common/3.15.1/quarkus-panache-hibernate-common-3.15.1.jar:/Users/janniknu/.m2/repository/io/quarkus/quarkus-panache-common/3.15.1/quarkus-panache-common-3.15.1.jar:/Users/janniknu/.m2/repository/io/quarkus/quarkus-jdbc-postgresql/3.15.1/quarkus-jdbc-postgresql-3.15.1.jar:/Users/janniknu/.m2/repository/org/postgresql/postgresql/42.7.4/postgresql-42.7.4.jar:/Users/janniknu/.m2/repository/io/quarkus/quarkus-arc/3.15.1/quarkus-arc-3.15.1.jar:/Users/janniknu/.m2/repository/io/quarkus/arc/arc/3.15.1/arc-3.15.1.jar:/Users/janniknu/.m2/repository/io/smallrye/reactive/mutiny/2.6.2/mutiny-2.6.2.jar:/Users/janniknu/.m2/repository/org/jctools/jctools-core/4.0.5/jctools-core-4.0.5.jar:/Users/janniknu/.m2/repository/io/quarkus/quarkus-core/3.15.1/quarkus-core-3.15.1.jar:/Users/janniknu/.m2/repository/jakarta/inject/jakarta.inject-api/2.0.1/jakarta.inject-api-2.0.1.jar:/Users/janniknu/.m2/repository/io/smallrye/common/smallrye-common-os/2.6.0/smallrye-common-os-2.6.0.jar:/Users/janniknu/.m2/repository/io/quarkus/quarkus-ide-launcher/3.15.1/quarkus-ide-launcher-3.15.1.jar:/Users/janniknu/.m2/repository/io/quarkus/quarkus-development-mode-spi/3.15.1/quarkus-development-mode-spi-3.15.1.jar:/Users/janniknu/.m2/repository/io/smallrye/config/smallrye-config/3.9.1/smallrye-config-3.9.1.jar:/Users/janniknu/.m2/repository/io/smallrye/config/smallrye-config-core/3.9.1/smallrye-config-core-3.9.1.jar:/Users/janniknu/.m2/repository/io/smallrye/common/smallrye-common-classloader/2.6.0/smallrye-common-classloader-2.6.0.jar:/Users/janniknu/.m2/repository/io/smallrye/config/smallrye-config-common/3.9.1/smallrye-config-common-3.9.1.jar:/Users/janniknu/.m2/repository/org/jboss/logmanager/jboss-logmanager/3.0.6.Final/jboss-logmanager-3.0.6.Final.jar:/Users/janniknu/.m2/repository/io/smallrye/common/smallrye-common-cpu/2.6.0/smallrye-common-cpu-2.6.0.jar:/Users/janniknu/.m2/repository/io/smallrye/common/smallrye-common-expression/2.6.0/smallrye-common-expression-2.6.0.jar:/Users/janniknu/.m2/repository/io/smallrye/common/smallrye-common-function/2.6.0/smallrye-common-function-2.6.0.jar:/Users/janniknu/.m2/repository/io/smallrye/common/smallrye-common-net/2.6.0/smallrye-common-net-2.6.0.jar:/Users/janniknu/.m2/repository/io/smallrye/common/smallrye-common-ref/2.6.0/smallrye-common-ref-2.6.0.jar:/Users/janniknu/.m2/repository/org/jboss/logging/jboss-logging-annotations/3.0.1.Final/jboss-logging-annotations-3.0.1.Final.jar:/Users/janniknu/.m2/repository/org/jboss/threads/jboss-threads/3.6.1.Final/jboss-threads-3.6.1.Final.jar:/Users/janniknu/.m2/repository/org/slf4j/slf4j-api/2.0.6/slf4j-api-2.0.6.jar:/Users/janniknu/.m2/repository/org/jboss/slf4j/slf4j-jboss-logmanager/2.0.0.Final/slf4j-jboss-logmanager-2.0.0.Final.jar:/Users/janniknu/.m2/repository/org/wildfly/common/wildfly-common/1.7.0.Final/wildfly-common-1.7.0.Final.jar:/Users/janniknu/.m2/repository/io/quarkus/quarkus-bootstrap-runner/3.15.1/quarkus-bootstrap-runner-3.15.1.jar:/Users/janniknu/.m2/repository/io/quarkus/quarkus-fs-util/0.0.10/quarkus-fs-util-0.0.10.jar:/Users/janniknu/.m2/repository/org/eclipse/microprofile/context-propagation/microprofile-context-propagation-api/1.3/microprofile-context-propagation-api-1.3.jar:/Users/janniknu/.m2/repository/io/quarkus/quarkus-hibernate-orm/3.15.1/quarkus-hibernate-orm-3.15.1.jar:/Users/janniknu/.m2/repository/io/quarkus/quarkus-agroal/3.15.1/quarkus-agroal-3.15.1.jar:/Users/janniknu/.m2/repository/io/quarkus/quarkus-datasource/3.15.1/quarkus-datasource-3.15.1.jar:/Users/janniknu/.m2/repository/io/agroal/agroal-api/2.5/agroal-api-2.5.jar:/Users/janniknu/.m2/repository/io/agroal/agroal-narayana/2.5/agroal-narayana-2.5.jar:/Users/janniknu/.m2/repository/org/jboss/jboss-transaction-spi/8.0.0.Final/jboss-transaction-spi-8.0.0.Final.jar:/Users/janniknu/.m2/repository/io/agroal/agroal-pool/2.5/agroal-pool-2.5.jar:/Users/janniknu/.m2/repository/io/quarkus/quarkus-narayana-jta/3.15.1/quarkus-narayana-jta-3.15.1.jar:/Users/janniknu/.m2/repository/io/quarkus/quarkus-transaction-annotations/3.15.1/quarkus-transaction-annotations-3.15.1.jar:/Users/janniknu/.m2/repository/io/quarkus/quarkus-datasource-common/3.15.1/quarkus-datasource-common-3.15.1.jar:/Users/janniknu/.m2/repository/io/smallrye/smallrye-context-propagation-jta/2.1.2/smallrye-context-propagation-jta-2.1.2.jar:/Users/janniknu/.m2/repository/io/smallrye/reactive/smallrye-reactive-converter-api/3.0.1/smallrye-reactive-converter-api-3.0.1.jar:/Users/janniknu/.m2/repository/io/smallrye/reactive/smallrye-reactive-converter-mutiny/3.0.1/smallrye-reactive-converter-mutiny-3.0.1.jar:/Users/janniknu/.m2/repository/io/smallrye/reactive/mutiny-zero-flow-adapters/1.1.0/mutiny-zero-flow-adapters-1.1.0.jar:/Users/janniknu/.m2/repository/org/jboss/narayana/jta/narayana-jta/7.0.2.Final/narayana-jta-7.0.2.Final.jar:/Users/janniknu/.m2/repository/jakarta/resource/jakarta.resource-api/2.1.0/jakarta.resource-api-2.1.0.jar:/Users/janniknu/.m2/repository/org/jboss/invocation/jboss-invocation/2.0.0.Final/jboss-invocation-2.0.0.Final.jar:/Users/janniknu/.m2/repository/org/eclipse/microprofile/reactive-streams-operators/microprofile-reactive-streams-operators-api/3.0/microprofile-reactive-streams-operators-api-3.0.jar:/Users/janniknu/.m2/repository/org/jboss/narayana/jts/narayana-jts-integration/7.0.2.Final/narayana-jts-integration-7.0.2.Final.jar:/Users/janniknu/.m2/repository/org/hibernate/orm/hibernate-core/6.6.0.Final/hibernate-core-6.6.0.Final.jar:/Users/janniknu/.m2/repository/com/fasterxml/classmate/1.7.0/classmate-1.7.0.jar:/Users/janniknu/.m2/repository/org/antlr/antlr4-runtime/4.13.0/antlr4-runtime-4.13.0.jar:/Users/janniknu/.m2/repository/net/bytebuddy/byte-buddy/1.14.18/byte-buddy-1.14.18.jar:/Users/janniknu/.m2/repository/org/hibernate/common/hibernate-commons-annotations/7.0.1.Final/hibernate-commons-annotations-7.0.1.Final.jar:/Users/janniknu/.m2/repository/org/hibernate/orm/hibernate-graalvm/6.6.0.Final/hibernate-graalvm-6.6.0.Final.jar:/Users/janniknu/.m2/repository/org/glassfish/jaxb/jaxb-runtime/4.0.5/jaxb-runtime-4.0.5.jar:/Users/janniknu/.m2/repository/org/glassfish/jaxb/jaxb-core/4.0.5/jaxb-core-4.0.5.jar:/Users/janniknu/.m2/repository/org/eclipse/angus/angus-activation/2.0.2/angus-activation-2.0.2.jar:/Users/janniknu/.m2/repository/org/glassfish/jaxb/txw2/4.0.5/txw2-4.0.5.jar:/Users/janniknu/.m2/repository/com/sun/istack/istack-commons-runtime/4.1.2/istack-commons-runtime-4.1.2.jar:/Users/janniknu/.m2/repository/jakarta/xml/bind/jakarta.xml.bind-api/4.0.2/jakarta.xml.bind-api-4.0.2.jar:/Users/janniknu/.m2/repository/jakarta/activation/jakarta.activation-api/2.1.3/jakarta.activation-api-2.1.3.jar:/Users/janniknu/.m2/repository/jakarta/persistence/jakarta.persistence-api/3.1.0/jakarta.persistence-api-3.1.0.jar:/Users/janniknu/.m2/repository/jakarta/transaction/jakarta.transaction-api/2.0.1/jakarta.transaction-api-2.0.1.jar:/Users/janniknu/.m2/repository/org/hibernate/quarkus-local-cache/0.3.0/quarkus-local-cache-0.3.0.jar:/Users/janniknu/.m2/repository/io/quarkus/quarkus-caffeine/3.15.1/quarkus-caffeine-3.15.1.jar:/Users/janniknu/.m2/repository/com/github/ben-manes/caffeine/caffeine/3.1.5/caffeine-3.1.5.jar:/Users/janniknu/.m2/repository/com/google/errorprone/error_prone_annotations/2.30.0/error_prone_annotations-2.30.0.jar:/Users/janniknu/.m2/repository/io/quarkus/quarkus-container-image-docker/3.15.1/quarkus-container-image-docker-3.15.1.jar:/Users/janniknu/.m2/repository/io/quarkus/quarkus-container-image-docker-common/3.15.1/quarkus-container-image-docker-common-3.15.1.jar:/Users/janniknu/.m2/repository/io/quarkus/quarkus-container-image/3.15.1/quarkus-container-image-3.15.1.jar:/Users/janniknu/.m2/repository/io/quarkus/quarkus-smallrye-openapi/3.15.1/quarkus-smallrye-openapi-3.15.1.jar:/Users/janniknu/.m2/repository/io/smallrye/smallrye-open-api-core/3.10.0/smallrye-open-api-core-3.10.0.jar:/Users/janniknu/.m2/repository/org/eclipse/microprofile/openapi/microprofile-openapi-api/3.1.1/microprofile-openapi-api-3.1.1.jar:/Users/janniknu/.m2/repository/org/eclipse/microprofile/config/microprofile-config-api/3.1/microprofile-config-api-3.1.jar:/Users/janniknu/.m2/repository/com/fasterxml/jackson/core/jackson-core/2.17.2/jackson-core-2.17.2.jar:/Users/janniknu/.m2/repository/com/fasterxml/jackson/core/jackson-databind/2.17.2/jackson-databind-2.17.2.jar:/Users/janniknu/.m2/repository/com/fasterxml/jackson/core/jackson-annotations/2.17.2/jackson-annotations-2.17.2.jar:/Users/janniknu/.m2/repository/com/fasterxml/jackson/dataformat/jackson-dataformat-yaml/2.17.2/jackson-dataformat-yaml-2.17.2.jar:/Users/janniknu/.m2/repository/org/yaml/snakeyaml/2.2/snakeyaml-2.2.jar:/Users/janniknu/.m2/repository/io/smallrye/jandex/3.2.2/jandex-3.2.2.jar:/Users/janniknu/.m2/repository/io/quarkus/quarkus-swagger-ui/3.15.1/quarkus-swagger-ui-3.15.1.jar:/Users/janniknu/.m2/repository/io/quarkus/quarkus-smallrye-health/3.15.1/quarkus-smallrye-health-3.15.1.jar:/Users/janniknu/.m2/repository/io/smallrye/smallrye-health/4.1.0/smallrye-health-4.1.0.jar:/Users/janniknu/.m2/repository/org/eclipse/microprofile/health/microprofile-health-api/4.0.1/microprofile-health-api-4.0.1.jar:/Users/janniknu/.m2/repository/io/smallrye/smallrye-health-api/4.1.0/smallrye-health-api-4.1.0.jar:/Users/janniknu/.m2/repository/jakarta/json/jakarta.json-api/2.1.3/jakarta.json-api-2.1.3.jar:/Users/janniknu/.m2/repository/io/smallrye/smallrye-health-provided-checks/4.1.0/smallrye-health-provided-checks-4.1.0.jar:/Users/janniknu/.m2/repository/io/quarkus/quarkus-junit5/3.15.1/quarkus-junit5-3.15.1.jar:/Users/janniknu/.m2/repository/io/quarkus/quarkus-bootstrap-core/3.15.1/quarkus-bootstrap-core-3.15.1.jar:/Users/janniknu/.m2/repository/io/quarkus/quarkus-classloader-commons/3.15.1/quarkus-classloader-commons-3.15.1.jar:/Users/janniknu/.m2/repository/io/quarkus/quarkus-bootstrap-app-model/3.15.1/quarkus-bootstrap-app-model-3.15.1.jar:/Users/janniknu/.m2/repository/io/smallrye/common/smallrye-common-io/2.6.0/smallrye-common-io-2.6.0.jar:/Users/janniknu/.m2/repository/org/eclipse/sisu/org.eclipse.sisu.inject/0.9.0.M3/org.eclipse.sisu.inject-0.9.0.M3.jar:/Users/janniknu/.m2/repository/io/quarkus/quarkus-test-common/3.15.1/quarkus-test-common-3.15.1.jar:/Users/janniknu/.m2/repository/io/quarkus/quarkus-core-deployment/3.15.1/quarkus-core-deployment-3.15.1.jar:/Users/janniknu/.m2/repository/org/aesh/readline/2.6/readline-2.6.jar:/Users/janniknu/.m2/repository/org/fusesource/jansi/jansi/2.4.0/jansi-2.4.0.jar:/Users/janniknu/.m2/repository/org/aesh/aesh/2.8.2/aesh-2.8.2.jar:/Users/janniknu/.m2/repository/io/quarkus/gizmo/gizmo/1.8.0/gizmo-1.8.0.jar:/Users/janniknu/.m2/repository/org/ow2/asm/asm-util/9.7/asm-util-9.7.jar:/Users/janniknu/.m2/repository/org/ow2/asm/asm-analysis/9.7/asm-analysis-9.7.jar:/Users/janniknu/.m2/repository/org/ow2/asm/asm/9.7/asm-9.7.jar:/Users/janniknu/.m2/repository/org/ow2/asm/asm-commons/9.7/asm-commons-9.7.jar:/Users/janniknu/.m2/repository/org/ow2/asm/asm-tree/9.7/asm-tree-9.7.jar:/Users/janniknu/.m2/repository/io/quarkus/quarkus-hibernate-validator-spi/3.15.1/quarkus-hibernate-validator-spi-3.15.1.jar:/Users/janniknu/.m2/repository/io/quarkus/quarkus-class-change-agent/3.15.1/quarkus-class-change-agent-3.15.1.jar:/Users/janniknu/.m2/repository/io/quarkus/quarkus-devtools-utilities/3.15.1/quarkus-devtools-utilities-3.15.1.jar:/Users/janniknu/.m2/repository/io/quarkus/quarkus-builder/3.15.1/quarkus-builder-3.15.1.jar:/Users/janniknu/.m2/repository/org/graalvm/sdk/nativeimage/23.1.2/nativeimage-23.1.2.jar:/Users/janniknu/.m2/repository/org/graalvm/sdk/word/23.1.2/word-23.1.2.jar:/Users/janniknu/.m2/repository/org/junit/platform/junit-platform-launcher/1.10.3/junit-platform-launcher-1.10.3.jar:/Users/janniknu/.m2/repository/io/quarkus/quarkus-bootstrap-maven-resolver/3.15.1/quarkus-bootstrap-maven-resolver-3.15.1.jar:/Users/janniknu/.m2/repository/io/smallrye/beanbag/smallrye-beanbag-maven/1.5.2/smallrye-beanbag-maven-1.5.2.jar:/Users/janniknu/.m2/repository/io/smallrye/beanbag/smallrye-beanbag-sisu/1.5.2/smallrye-beanbag-sisu-1.5.2.jar:/Users/janniknu/.m2/repository/io/smallrye/beanbag/smallrye-beanbag/1.5.2/smallrye-beanbag-1.5.2.jar:/Users/janniknu/.m2/repository/javax/inject/javax.inject/1/javax.inject-1.jar:/Users/janniknu/.m2/repository/org/apache/maven/maven-artifact/3.9.8/maven-artifact-3.9.8.jar:/Users/janniknu/.m2/repository/org/apache/maven/maven-builder-support/3.9.8/maven-builder-support-3.9.8.jar:/Users/janniknu/.m2/repository/org/apache/maven/maven-model/3.9.8/maven-model-3.9.8.jar:/Users/janniknu/.m2/repository/org/apache/maven/maven-model-builder/3.9.8/maven-model-builder-3.9.8.jar:/Users/janniknu/.m2/repository/org/apache/maven/maven-repository-metadata/3.9.8/maven-repository-metadata-3.9.8.jar:/Users/janniknu/.m2/repository/org/apache/maven/maven-settings/3.9.8/maven-settings-3.9.8.jar:/Users/janniknu/.m2/repository/org/apache/maven/resolver/maven-resolver-api/1.9.22/maven-resolver-api-1.9.22.jar:/Users/janniknu/.m2/repository/org/apache/maven/resolver/maven-resolver-impl/1.9.22/maven-resolver-impl-1.9.22.jar:/Users/janniknu/.m2/repository/org/apache/maven/resolver/maven-resolver-named-locks/1.9.22/maven-resolver-named-locks-1.9.22.jar:/Users/janniknu/.m2/repository/org/apache/maven/resolver/maven-resolver-spi/1.9.22/maven-resolver-spi-1.9.22.jar:/Users/janniknu/.m2/repository/org/apache/maven/resolver/maven-resolver-util/1.9.22/maven-resolver-util-1.9.22.jar:/Users/janniknu/.m2/repository/org/apache/maven/resolver/maven-resolver-transport-http/1.9.20/maven-resolver-transport-http-1.9.20.jar:/Users/janniknu/.m2/repository/org/apache/maven/wagon/wagon-provider-api/3.5.3/wagon-provider-api-3.5.3.jar:/Users/janniknu/.m2/repository/org/apache/maven/wagon/wagon-http-shared/3.5.3/wagon-http-shared-3.5.3.jar:/Users/janniknu/.m2/repository/org/codehaus/plexus/plexus-interpolation/1.26/plexus-interpolation-1.26.jar:/Users/janniknu/.m2/repository/org/codehaus/plexus/plexus-utils/3.5.1/plexus-utils-3.5.1.jar:/Users/janniknu/.m2/repository/org/codehaus/plexus/plexus-xml/4.0.1/plexus-xml-4.0.1.jar:/Users/janniknu/.m2/repository/org/apache/maven/maven-xml-impl/4.0.0-alpha-5/maven-xml-impl-4.0.0-alpha-5.jar:/Users/janniknu/.m2/repository/org/apache/maven/maven-api-xml/4.0.0-alpha-5/maven-api-xml-4.0.0-alpha-5.jar:/Users/janniknu/.m2/repository/org/apache/maven/maven-api-meta/4.0.0-alpha-5/maven-api-meta-4.0.0-alpha-5.jar:/Users/janniknu/.m2/repository/org/codehaus/plexus/plexus-cipher/2.0/plexus-cipher-2.0.jar:/Users/janniknu/.m2/repository/org/codehaus/plexus/plexus-sec-dispatcher/2.0/plexus-sec-dispatcher-2.0.jar:/Users/janniknu/.m2/repository/org/apache/maven/maven-embedder/3.9.8/maven-embedder-3.9.8.jar:/Users/janniknu/.m2/repository/org/apache/maven/maven-core/3.9.8/maven-core-3.9.8.jar:/Users/janniknu/.m2/repository/org/codehaus/plexus/plexus-component-annotations/2.1.0/plexus-component-annotations-2.1.0.jar:/Users/janniknu/.m2/repository/org/apache/maven/maven-plugin-api/3.9.8/maven-plugin-api-3.9.8.jar:/Users/janniknu/.m2/repository/org/apache/maven/shared/maven-shared-utils/3.4.2/maven-shared-utils-3.4.2.jar:/Users/janniknu/.m2/repository/com/google/inject/guice/5.1.0/guice-5.1.0.jar:/Users/janniknu/.m2/repository/aopalliance/aopalliance/1.0/aopalliance-1.0.jar:/Users/janniknu/.m2/repository/com/google/guava/guava/33.2.1-jre/guava-33.2.1-jre.jar:/Users/janniknu/.m2/repository/com/google/guava/failureaccess/1.0.1/failureaccess-1.0.1.jar:/Users/janniknu/.m2/repository/javax/annotation/javax.annotation-api/1.3.2/javax.annotation-api-1.3.2.jar:/Users/janniknu/.m2/repository/org/codehaus/plexus/plexus-classworlds/2.6.0/plexus-classworlds-2.6.0.jar:/Users/janniknu/.m2/repository/commons-cli/commons-cli/1.8.0/commons-cli-1.8.0.jar:/Users/janniknu/.m2/repository/org/eclipse/sisu/org.eclipse.sisu.plexus/0.9.0.M3/org.eclipse.sisu.plexus-0.9.0.M3.jar:/Users/janniknu/.m2/repository/org/apache/maven/maven-settings-builder/3.9.8/maven-settings-builder-3.9.8.jar:/Users/janniknu/.m2/repository/org/apache/maven/maven-resolver-provider/3.9.8/maven-resolver-provider-3.9.8.jar:/Users/janniknu/.m2/repository/org/apache/maven/resolver/maven-resolver-connector-basic/1.9.22/maven-resolver-connector-basic-1.9.22.jar:/Users/janniknu/.m2/repository/org/apache/maven/resolver/maven-resolver-transport-wagon/1.9.22/maven-resolver-transport-wagon-1.9.22.jar:/Users/janniknu/.m2/repository/org/apache/maven/wagon/wagon-http/3.5.3/wagon-http-3.5.3.jar:/Users/janniknu/.m2/repository/org/apache/maven/wagon/wagon-file/3.5.3/wagon-file-3.5.3.jar:/Users/janniknu/.m2/repository/io/quarkus/quarkus-bootstrap-gradle-resolver/3.15.1/quarkus-bootstrap-gradle-resolver-3.15.1.jar:/Users/janniknu/.m2/repository/commons-io/commons-io/2.16.1/commons-io-2.16.1.jar:/Users/janniknu/.m2/repository/io/quarkus/quarkus-junit5-properties/3.15.1/quarkus-junit5-properties-3.15.1.jar:/Users/janniknu/.m2/repository/org/junit/jupiter/junit-jupiter/5.10.3/junit-jupiter-5.10.3.jar:/Users/janniknu/.m2/repository/org/junit/jupiter/junit-jupiter-api/5.10.3/junit-jupiter-api-5.10.3.jar:/Users/janniknu/.m2/repository/org/opentest4j/opentest4j/1.3.0/opentest4j-1.3.0.jar:/Users/janniknu/.m2/repository/org/junit/platform/junit-platform-commons/1.10.3/junit-platform-commons-1.10.3.jar:/Users/janniknu/.m2/repository/org/apiguardian/apiguardian-api/1.1.2/apiguardian-api-1.1.2.jar:/Users/janniknu/.m2/repository/org/junit/jupiter/junit-jupiter-params/5.10.3/junit-jupiter-params-5.10.3.jar:/Users/janniknu/.m2/repository/org/junit/jupiter/junit-jupiter-engine/5.10.3/junit-jupiter-engine-5.10.3.jar:/Users/janniknu/.m2/repository/org/junit/platform/junit-platform-engine/1.10.3/junit-platform-engine-1.10.3.jar:/Users/janniknu/.m2/repository/org/jboss/marshalling/jboss-marshalling/2.2.1.Final/jboss-marshalling-2.2.1.Final.jar:/Users/janniknu/.m2/repository/io/rest-assured/rest-assured/5.5.0/rest-assured-5.5.0.jar:/Users/janniknu/.m2/repository/org/apache/groovy/groovy/4.0.22/groovy-4.0.22.jar:/Users/janniknu/.m2/repository/org/apache/groovy/groovy-xml/4.0.22/groovy-xml-4.0.22.jar:/Users/janniknu/.m2/repository/org/apache/httpcomponents/httpclient/4.5.14/httpclient-4.5.14.jar:/Users/janniknu/.m2/repository/org/apache/httpcomponents/httpcore/4.4.16/httpcore-4.4.16.jar:/Users/janniknu/.m2/repository/commons-codec/commons-codec/1.17.1/commons-codec-1.17.1.jar:/Users/janniknu/.m2/repository/org/apache/httpcomponents/httpmime/4.5.14/httpmime-4.5.14.jar:/Users/janniknu/.m2/repository/org/hamcrest/hamcrest/2.2/hamcrest-2.2.jar:/Users/janniknu/.m2/repository/org/ccil/cowan/tagsoup/tagsoup/1.2.1/tagsoup-1.2.1.jar:/Users/janniknu/.m2/repository/io/rest-assured/json-path/5.5.0/json-path-5.5.0.jar:/Users/janniknu/.m2/repository/org/apache/groovy/groovy-json/4.0.22/groovy-json-4.0.22.jar:/Users/janniknu/.m2/repository/io/rest-assured/rest-assured-common/5.5.0/rest-assured-common-5.5.0.jar:/Users/janniknu/.m2/repository/io/rest-assured/xml-path/5.5.0/xml-path-5.5.0.jar:/Users/janniknu/.m2/repository/org/apache/commons/commons-lang3/3.14.0/commons-lang3-3.14.0.jar:"/>
    <property name="java.vm.vendor" value="Oracle Corporation"/>
    <property name="sun.arch.data.model" value="64"/>
    <property name="java.vendor.url" value="https://java.oracle.com/"/>
    <property name="user.timezone" value="Europe/Berlin"/>
    <property name="logging.initial-configurator.min-level" value="500"/>
    <property name="java.vm.specification.version" value="21"/>
    <property name="os.name" value="Mac OS X"/>
    <property name="sun.java.launcher" value="SUN_STANDARD"/>
    <property name="user.country" value="DE"/>
    <property name="groovy.use.classvalue" value="false"/>
    <property name="mp.openapi.extensions.smallrye.defaultProduces" value="application/json"/>
    <property name="sun.boot.library.path" value="/Library/Java/JavaVirtualMachines/jdk-21.jdk/Contents/Home/lib"/>
    <property name="sun.java.command" value="/Users/janniknu/01_Projekte/Projekt_Inventarverwaltung/inv/iiservice/target/surefire/surefirebooter-20241105201838427_3.jar /Users/janniknu/01_Projekte/Projekt_Inventarverwaltung/inv/iiservice/target/surefire 2024-11-05T20-18-38_345-jvmRun1 surefire-20241105201838427_1tmp surefire_0-20241105201838427_2tmp"/>
    <property name="http.nonProxyHosts" value="local|*.local|169.254/16|*.169.254/16"/>
    <property name="jdk.debug" value="release"/>
    <property name="maven.home" value="/Users/janniknu/.m2/wrapper/dists/apache-maven-3.9.8-bin/337e6d14/apache-maven-3.9.8"/>
    <property name="surefire.test.class.path" value="/Users/janniknu/01_Projekte/Projekt_Inventarverwaltung/inv/iiservice/target/test-classes:/Users/janniknu/01_Projekte/Projekt_Inventarverwaltung/inv/iiservice/target/classes:/Users/janniknu/.m2/repository/io/quarkus/quarkus-rest/3.15.1/quarkus-rest-3.15.1.jar:/Users/janniknu/.m2/repository/io/quarkus/quarkus-rest-common/3.15.1/quarkus-rest-common-3.15.1.jar:/Users/janniknu/.m2/repository/io/quarkus/resteasy/reactive/resteasy-reactive-common/3.15.1/resteasy-reactive-common-3.15.1.jar:/Users/janniknu/.m2/repository/io/quarkus/resteasy/reactive/resteasy-reactive-common-types/3.15.1/resteasy-reactive-common-types-3.15.1.jar:/Users/janniknu/.m2/repository/org/reactivestreams/reactive-streams/1.0.4/reactive-streams-1.0.4.jar:/Users/janniknu/.m2/repository/io/smallrye/common/smallrye-common-annotation/2.6.0/smallrye-common-annotation-2.6.0.jar:/Users/janniknu/.m2/repository/io/quarkus/quarkus-mutiny/3.15.1/quarkus-mutiny-3.15.1.jar:/Users/janniknu/.m2/repository/io/quarkus/quarkus-smallrye-context-propagation/3.15.1/quarkus-smallrye-context-propagation-3.15.1.jar:/Users/janniknu/.m2/repository/io/smallrye/smallrye-context-propagation/2.1.2/smallrye-context-propagation-2.1.2.jar:/Users/janniknu/.m2/repository/io/smallrye/smallrye-context-propagation-api/2.1.2/smallrye-context-propagation-api-2.1.2.jar:/Users/janniknu/.m2/repository/io/smallrye/smallrye-context-propagation-storage/2.1.2/smallrye-context-propagation-storage-2.1.2.jar:/Users/janniknu/.m2/repository/io/smallrye/reactive/mutiny-smallrye-context-propagation/2.6.2/mutiny-smallrye-context-propagation-2.6.2.jar:/Users/janniknu/.m2/repository/io/quarkus/quarkus-vertx/3.15.1/quarkus-vertx-3.15.1.jar:/Users/janniknu/.m2/repository/io/quarkus/quarkus-netty/3.15.1/quarkus-netty-3.15.1.jar:/Users/janniknu/.m2/repository/io/netty/netty-codec/4.1.111.Final/netty-codec-4.1.111.Final.jar:/Users/janniknu/.m2/repository/com/aayushatharva/brotli4j/brotli4j/1.16.0/brotli4j-1.16.0.jar:/Users/janniknu/.m2/repository/com/aayushatharva/brotli4j/service/1.16.0/service-1.16.0.jar:/Users/janniknu/.m2/repository/com/aayushatharva/brotli4j/native-osx-x86_64/1.16.0/native-osx-x86_64-1.16.0.jar:/Users/janniknu/.m2/repository/io/netty/netty-codec-haproxy/4.1.111.Final/netty-codec-haproxy-4.1.111.Final.jar:/Users/janniknu/.m2/repository/io/quarkus/quarkus-vertx-latebound-mdc-provider/3.15.1/quarkus-vertx-latebound-mdc-provider-3.15.1.jar:/Users/janniknu/.m2/repository/io/smallrye/smallrye-fault-tolerance-vertx/6.4.0/smallrye-fault-tolerance-vertx-6.4.0.jar:/Users/janniknu/.m2/repository/io/quarkus/resteasy/reactive/resteasy-reactive-vertx/3.15.1/resteasy-reactive-vertx-3.15.1.jar:/Users/janniknu/.m2/repository/io/vertx/vertx-web/4.5.10/vertx-web-4.5.10.jar:/Users/janniknu/.m2/repository/io/vertx/vertx-web-common/4.5.10/vertx-web-common-4.5.10.jar:/Users/janniknu/.m2/repository/io/vertx/vertx-auth-common/4.5.10/vertx-auth-common-4.5.10.jar:/Users/janniknu/.m2/repository/io/vertx/vertx-bridge-common/4.5.10/vertx-bridge-common-4.5.10.jar:/Users/janniknu/.m2/repository/io/smallrye/reactive/smallrye-mutiny-vertx-core/3.15.0/smallrye-mutiny-vertx-core-3.15.0.jar:/Users/janniknu/.m2/repository/io/smallrye/reactive/smallrye-mutiny-vertx-runtime/3.15.0/smallrye-mutiny-vertx-runtime-3.15.0.jar:/Users/janniknu/.m2/repository/io/smallrye/reactive/vertx-mutiny-generator/3.15.0/vertx-mutiny-generator-3.15.0.jar:/Users/janniknu/.m2/repository/io/vertx/vertx-codegen/4.5.10/vertx-codegen-4.5.10.jar:/Users/janniknu/.m2/repository/io/quarkus/resteasy/reactive/resteasy-reactive/3.15.1/resteasy-reactive-3.15.1.jar:/Users/janniknu/.m2/repository/io/quarkus/vertx/utils/quarkus-vertx-utils/3.15.1/quarkus-vertx-utils-3.15.1.jar:/Users/janniknu/.m2/repository/jakarta/enterprise/jakarta.enterprise.cdi-api/4.1.0/jakarta.enterprise.cdi-api-4.1.0.jar:/Users/janniknu/.m2/repository/jakarta/enterprise/jakarta.enterprise.lang-model/4.1.0/jakarta.enterprise.lang-model-4.1.0.jar:/Users/janniknu/.m2/repository/jakarta/el/jakarta.el-api/5.0.1/jakarta.el-api-5.0.1.jar:/Users/janniknu/.m2/repository/jakarta/interceptor/jakarta.interceptor-api/2.2.0/jakarta.interceptor-api-2.2.0.jar:/Users/janniknu/.m2/repository/jakarta/ws/rs/jakarta.ws.rs-api/3.1.0/jakarta.ws.rs-api-3.1.0.jar:/Users/janniknu/.m2/repository/jakarta/annotation/jakarta.annotation-api/3.0.0/jakarta.annotation-api-3.0.0.jar:/Users/janniknu/.m2/repository/org/jboss/logging/commons-logging-jboss-logging/1.0.0.Final/commons-logging-jboss-logging-1.0.0.Final.jar:/Users/janniknu/.m2/repository/org/jboss/logging/jboss-logging/3.6.0.Final/jboss-logging-3.6.0.Final.jar:/Users/janniknu/.m2/repository/io/quarkus/quarkus-vertx-http/3.15.1/quarkus-vertx-http-3.15.1.jar:/Users/janniknu/.m2/repository/io/quarkus/quarkus-security-runtime-spi/3.15.1/quarkus-security-runtime-spi-3.15.1.jar:/Users/janniknu/.m2/repository/io/quarkus/quarkus-tls-registry/3.15.1/quarkus-tls-registry-3.15.1.jar:/Users/janniknu/.m2/repository/io/quarkus/quarkus-credentials/3.15.1/quarkus-credentials-3.15.1.jar:/Users/janniknu/.m2/repository/io/smallrye/common/smallrye-common-vertx-context/2.6.0/smallrye-common-vertx-context-2.6.0.jar:/Users/janniknu/.m2/repository/io/smallrye/common/smallrye-common-constraint/2.6.0/smallrye-common-constraint-2.6.0.jar:/Users/janniknu/.m2/repository/io/quarkus/security/quarkus-security/2.1.0/quarkus-security-2.1.0.jar:/Users/janniknu/.m2/repository/io/smallrye/reactive/smallrye-mutiny-vertx-web/3.15.0/smallrye-mutiny-vertx-web-3.15.0.jar:/Users/janniknu/.m2/repository/io/smallrye/reactive/smallrye-mutiny-vertx-web-common/3.15.0/smallrye-mutiny-vertx-web-common-3.15.0.jar:/Users/janniknu/.m2/repository/io/smallrye/reactive/smallrye-mutiny-vertx-auth-common/3.15.0/smallrye-mutiny-vertx-auth-common-3.15.0.jar:/Users/janniknu/.m2/repository/io/smallrye/reactive/smallrye-mutiny-vertx-bridge-common/3.15.0/smallrye-mutiny-vertx-bridge-common-3.15.0.jar:/Users/janniknu/.m2/repository/io/smallrye/reactive/smallrye-mutiny-vertx-uri-template/3.15.0/smallrye-mutiny-vertx-uri-template-3.15.0.jar:/Users/janniknu/.m2/repository/io/vertx/vertx-uri-template/4.5.10/vertx-uri-template-4.5.10.jar:/Users/janniknu/.m2/repository/io/github/crac/org-crac/0.1.3/org-crac-0.1.3.jar:/Users/janniknu/.m2/repository/io/quarkus/quarkus-jsonp/3.15.1/quarkus-jsonp-3.15.1.jar:/Users/janniknu/.m2/repository/org/eclipse/parsson/parsson/1.1.7/parsson-1.1.7.jar:/Users/janniknu/.m2/repository/io/quarkus/quarkus-virtual-threads/3.15.1/quarkus-virtual-threads-3.15.1.jar:/Users/janniknu/.m2/repository/io/vertx/vertx-core/4.5.10/vertx-core-4.5.10.jar:/Users/janniknu/.m2/repository/io/netty/netty-common/4.1.111.Final/netty-common-4.1.111.Final.jar:/Users/janniknu/.m2/repository/io/netty/netty-buffer/4.1.111.Final/netty-buffer-4.1.111.Final.jar:/Users/janniknu/.m2/repository/io/netty/netty-transport/4.1.111.Final/netty-transport-4.1.111.Final.jar:/Users/janniknu/.m2/repository/io/netty/netty-handler/4.1.111.Final/netty-handler-4.1.111.Final.jar:/Users/janniknu/.m2/repository/io/netty/netty-transport-native-unix-common/4.1.111.Final/netty-transport-native-unix-common-4.1.111.Final.jar:/Users/janniknu/.m2/repository/io/netty/netty-handler-proxy/4.1.111.Final/netty-handler-proxy-4.1.111.Final.jar:/Users/janniknu/.m2/repository/io/netty/netty-codec-socks/4.1.111.Final/netty-codec-socks-4.1.111.Final.jar:/Users/janniknu/.m2/repository/io/netty/netty-codec-http/4.1.111.Final/netty-codec-http-4.1.111.Final.jar:/Users/janniknu/.m2/repository/io/netty/netty-codec-http2/4.1.111.Final/netty-codec-http2-4.1.111.Final.jar:/Users/janniknu/.m2/repository/io/netty/netty-resolver/4.1.111.Final/netty-resolver-4.1.111.Final.jar:/Users/janniknu/.m2/repository/io/netty/netty-resolver-dns/4.1.111.Final/netty-resolver-dns-4.1.111.Final.jar:/Users/janniknu/.m2/repository/io/netty/netty-codec-dns/4.1.111.Final/netty-codec-dns-4.1.111.Final.jar:/Users/janniknu/.m2/repository/io/quarkus/quarkus-rest-jackson/3.15.1/quarkus-rest-jackson-3.15.1.jar:/Users/janniknu/.m2/repository/io/quarkus/quarkus-rest-jackson-common/3.15.1/quarkus-rest-jackson-common-3.15.1.jar:/Users/janniknu/.m2/repository/io/quarkus/resteasy/reactive/resteasy-reactive-jackson/3.15.1/resteasy-reactive-jackson-3.15.1.jar:/Users/janniknu/.m2/repository/io/quarkus/quarkus-jackson/3.15.1/quarkus-jackson-3.15.1.jar:/Users/janniknu/.m2/repository/com/fasterxml/jackson/datatype/jackson-datatype-jsr310/2.17.2/jackson-datatype-jsr310-2.17.2.jar:/Users/janniknu/.m2/repository/com/fasterxml/jackson/datatype/jackson-datatype-jdk8/2.17.2/jackson-datatype-jdk8-2.17.2.jar:/Users/janniknu/.m2/repository/com/fasterxml/jackson/module/jackson-module-parameter-names/2.17.2/jackson-module-parameter-names-2.17.2.jar:/Users/janniknu/.m2/repository/io/quarkus/quarkus-hibernate-orm-panache/3.15.1/quarkus-hibernate-orm-panache-3.15.1.jar:/Users/janniknu/.m2/repository/io/quarkus/quarkus-hibernate-orm-panache-common/3.15.1/quarkus-hibernate-orm-panache-common-3.15.1.jar:/Users/janniknu/.m2/repository/io/quarkus/quarkus-panache-hibernate-common/3.15.1/quarkus-panache-hibernate-common-3.15.1.jar:/Users/janniknu/.m2/repository/io/quarkus/quarkus-panache-common/3.15.1/quarkus-panache-common-3.15.1.jar:/Users/janniknu/.m2/repository/io/quarkus/quarkus-jdbc-postgresql/3.15.1/quarkus-jdbc-postgresql-3.15.1.jar:/Users/janniknu/.m2/repository/org/postgresql/postgresql/42.7.4/postgresql-42.7.4.jar:/Users/janniknu/.m2/repository/io/quarkus/quarkus-arc/3.15.1/quarkus-arc-3.15.1.jar:/Users/janniknu/.m2/repository/io/quarkus/arc/arc/3.15.1/arc-3.15.1.jar:/Users/janniknu/.m2/repository/io/smallrye/reactive/mutiny/2.6.2/mutiny-2.6.2.jar:/Users/janniknu/.m2/repository/org/jctools/jctools-core/4.0.5/jctools-core-4.0.5.jar:/Users/janniknu/.m2/repository/io/quarkus/quarkus-core/3.15.1/quarkus-core-3.15.1.jar:/Users/janniknu/.m2/repository/jakarta/inject/jakarta.inject-api/2.0.1/jakarta.inject-api-2.0.1.jar:/Users/janniknu/.m2/repository/io/smallrye/common/smallrye-common-os/2.6.0/smallrye-common-os-2.6.0.jar:/Users/janniknu/.m2/repository/io/quarkus/quarkus-ide-launcher/3.15.1/quarkus-ide-launcher-3.15.1.jar:/Users/janniknu/.m2/repository/io/quarkus/quarkus-development-mode-spi/3.15.1/quarkus-development-mode-spi-3.15.1.jar:/Users/janniknu/.m2/repository/io/smallrye/config/smallrye-config/3.9.1/smallrye-config-3.9.1.jar:/Users/janniknu/.m2/repository/io/smallrye/config/smallrye-config-core/3.9.1/smallrye-config-core-3.9.1.jar:/Users/janniknu/.m2/repository/io/smallrye/common/smallrye-common-classloader/2.6.0/smallrye-common-classloader-2.6.0.jar:/Users/janniknu/.m2/repository/io/smallrye/config/smallrye-config-common/3.9.1/smallrye-config-common-3.9.1.jar:/Users/janniknu/.m2/repository/org/jboss/logmanager/jboss-logmanager/3.0.6.Final/jboss-logmanager-3.0.6.Final.jar:/Users/janniknu/.m2/repository/io/smallrye/common/smallrye-common-cpu/2.6.0/smallrye-common-cpu-2.6.0.jar:/Users/janniknu/.m2/repository/io/smallrye/common/smallrye-common-expression/2.6.0/smallrye-common-expression-2.6.0.jar:/Users/janniknu/.m2/repository/io/smallrye/common/smallrye-common-function/2.6.0/smallrye-common-function-2.6.0.jar:/Users/janniknu/.m2/repository/io/smallrye/common/smallrye-common-net/2.6.0/smallrye-common-net-2.6.0.jar:/Users/janniknu/.m2/repository/io/smallrye/common/smallrye-common-ref/2.6.0/smallrye-common-ref-2.6.0.jar:/Users/janniknu/.m2/repository/org/jboss/logging/jboss-logging-annotations/3.0.1.Final/jboss-logging-annotations-3.0.1.Final.jar:/Users/janniknu/.m2/repository/org/jboss/threads/jboss-threads/3.6.1.Final/jboss-threads-3.6.1.Final.jar:/Users/janniknu/.m2/repository/org/slf4j/slf4j-api/2.0.6/slf4j-api-2.0.6.jar:/Users/janniknu/.m2/repository/org/jboss/slf4j/slf4j-jboss-logmanager/2.0.0.Final/slf4j-jboss-logmanager-2.0.0.Final.jar:/Users/janniknu/.m2/repository/org/wildfly/common/wildfly-common/1.7.0.Final/wildfly-common-1.7.0.Final.jar:/Users/janniknu/.m2/repository/io/quarkus/quarkus-bootstrap-runner/3.15.1/quarkus-bootstrap-runner-3.15.1.jar:/Users/janniknu/.m2/repository/io/quarkus/quarkus-fs-util/0.0.10/quarkus-fs-util-0.0.10.jar:/Users/janniknu/.m2/repository/org/eclipse/microprofile/context-propagation/microprofile-context-propagation-api/1.3/microprofile-context-propagation-api-1.3.jar:/Users/janniknu/.m2/repository/io/quarkus/quarkus-hibernate-orm/3.15.1/quarkus-hibernate-orm-3.15.1.jar:/Users/janniknu/.m2/repository/io/quarkus/quarkus-agroal/3.15.1/quarkus-agroal-3.15.1.jar:/Users/janniknu/.m2/repository/io/quarkus/quarkus-datasource/3.15.1/quarkus-datasource-3.15.1.jar:/Users/janniknu/.m2/repository/io/agroal/agroal-api/2.5/agroal-api-2.5.jar:/Users/janniknu/.m2/repository/io/agroal/agroal-narayana/2.5/agroal-narayana-2.5.jar:/Users/janniknu/.m2/repository/org/jboss/jboss-transaction-spi/8.0.0.Final/jboss-transaction-spi-8.0.0.Final.jar:/Users/janniknu/.m2/repository/io/agroal/agroal-pool/2.5/agroal-pool-2.5.jar:/Users/janniknu/.m2/repository/io/quarkus/quarkus-narayana-jta/3.15.1/quarkus-narayana-jta-3.15.1.jar:/Users/janniknu/.m2/repository/io/quarkus/quarkus-transaction-annotations/3.15.1/quarkus-transaction-annotations-3.15.1.jar:/Users/janniknu/.m2/repository/io/quarkus/quarkus-datasource-common/3.15.1/quarkus-datasource-common-3.15.1.jar:/Users/janniknu/.m2/repository/io/smallrye/smallrye-context-propagation-jta/2.1.2/smallrye-context-propagation-jta-2.1.2.jar:/Users/janniknu/.m2/repository/io/smallrye/reactive/smallrye-reactive-converter-api/3.0.1/smallrye-reactive-converter-api-3.0.1.jar:/Users/janniknu/.m2/repository/io/smallrye/reactive/smallrye-reactive-converter-mutiny/3.0.1/smallrye-reactive-converter-mutiny-3.0.1.jar:/Users/janniknu/.m2/repository/io/smallrye/reactive/mutiny-zero-flow-adapters/1.1.0/mutiny-zero-flow-adapters-1.1.0.jar:/Users/janniknu/.m2/repository/org/jboss/narayana/jta/narayana-jta/7.0.2.Final/narayana-jta-7.0.2.Final.jar:/Users/janniknu/.m2/repository/jakarta/resource/jakarta.resource-api/2.1.0/jakarta.resource-api-2.1.0.jar:/Users/janniknu/.m2/repository/org/jboss/invocation/jboss-invocation/2.0.0.Final/jboss-invocation-2.0.0.Final.jar:/Users/janniknu/.m2/repository/org/eclipse/microprofile/reactive-streams-operators/microprofile-reactive-streams-operators-api/3.0/microprofile-reactive-streams-operators-api-3.0.jar:/Users/janniknu/.m2/repository/org/jboss/narayana/jts/narayana-jts-integration/7.0.2.Final/narayana-jts-integration-7.0.2.Final.jar:/Users/janniknu/.m2/repository/org/hibernate/orm/hibernate-core/6.6.0.Final/hibernate-core-6.6.0.Final.jar:/Users/janniknu/.m2/repository/com/fasterxml/classmate/1.7.0/classmate-1.7.0.jar:/Users/janniknu/.m2/repository/org/antlr/antlr4-runtime/4.13.0/antlr4-runtime-4.13.0.jar:/Users/janniknu/.m2/repository/net/bytebuddy/byte-buddy/1.14.18/byte-buddy-1.14.18.jar:/Users/janniknu/.m2/repository/org/hibernate/common/hibernate-commons-annotations/7.0.1.Final/hibernate-commons-annotations-7.0.1.Final.jar:/Users/janniknu/.m2/repository/org/hibernate/orm/hibernate-graalvm/6.6.0.Final/hibernate-graalvm-6.6.0.Final.jar:/Users/janniknu/.m2/repository/org/glassfish/jaxb/jaxb-runtime/4.0.5/jaxb-runtime-4.0.5.jar:/Users/janniknu/.m2/repository/org/glassfish/jaxb/jaxb-core/4.0.5/jaxb-core-4.0.5.jar:/Users/janniknu/.m2/repository/org/eclipse/angus/angus-activation/2.0.2/angus-activation-2.0.2.jar:/Users/janniknu/.m2/repository/org/glassfish/jaxb/txw2/4.0.5/txw2-4.0.5.jar:/Users/janniknu/.m2/repository/com/sun/istack/istack-commons-runtime/4.1.2/istack-commons-runtime-4.1.2.jar:/Users/janniknu/.m2/repository/jakarta/xml/bind/jakarta.xml.bind-api/4.0.2/jakarta.xml.bind-api-4.0.2.jar:/Users/janniknu/.m2/repository/jakarta/activation/jakarta.activation-api/2.1.3/jakarta.activation-api-2.1.3.jar:/Users/janniknu/.m2/repository/jakarta/persistence/jakarta.persistence-api/3.1.0/jakarta.persistence-api-3.1.0.jar:/Users/janniknu/.m2/repository/jakarta/transaction/jakarta.transaction-api/2.0.1/jakarta.transaction-api-2.0.1.jar:/Users/janniknu/.m2/repository/org/hibernate/quarkus-local-cache/0.3.0/quarkus-local-cache-0.3.0.jar:/Users/janniknu/.m2/repository/io/quarkus/quarkus-caffeine/3.15.1/quarkus-caffeine-3.15.1.jar:/Users/janniknu/.m2/repository/com/github/ben-manes/caffeine/caffeine/3.1.5/caffeine-3.1.5.jar:/Users/janniknu/.m2/repository/com/google/errorprone/error_prone_annotations/2.30.0/error_prone_annotations-2.30.0.jar:/Users/janniknu/.m2/repository/io/quarkus/quarkus-container-image-docker/3.15.1/quarkus-container-image-docker-3.15.1.jar:/Users/janniknu/.m2/repository/io/quarkus/quarkus-container-image-docker-common/3.15.1/quarkus-container-image-docker-common-3.15.1.jar:/Users/janniknu/.m2/repository/io/quarkus/quarkus-container-image/3.15.1/quarkus-container-image-3.15.1.jar:/Users/janniknu/.m2/repository/io/quarkus/quarkus-smallrye-openapi/3.15.1/quarkus-smallrye-openapi-3.15.1.jar:/Users/janniknu/.m2/repository/io/smallrye/smallrye-open-api-core/3.10.0/smallrye-open-api-core-3.10.0.jar:/Users/janniknu/.m2/repository/org/eclipse/microprofile/openapi/microprofile-openapi-api/3.1.1/microprofile-openapi-api-3.1.1.jar:/Users/janniknu/.m2/repository/org/eclipse/microprofile/config/microprofile-config-api/3.1/microprofile-config-api-3.1.jar:/Users/janniknu/.m2/repository/com/fasterxml/jackson/core/jackson-core/2.17.2/jackson-core-2.17.2.jar:/Users/janniknu/.m2/repository/com/fasterxml/jackson/core/jackson-databind/2.17.2/jackson-databind-2.17.2.jar:/Users/janniknu/.m2/repository/com/fasterxml/jackson/core/jackson-annotations/2.17.2/jackson-annotations-2.17.2.jar:/Users/janniknu/.m2/repository/com/fasterxml/jackson/dataformat/jackson-dataformat-yaml/2.17.2/jackson-dataformat-yaml-2.17.2.jar:/Users/janniknu/.m2/repository/org/yaml/snakeyaml/2.2/snakeyaml-2.2.jar:/Users/janniknu/.m2/repository/io/smallrye/jandex/3.2.2/jandex-3.2.2.jar:/Users/janniknu/.m2/repository/io/quarkus/quarkus-swagger-ui/3.15.1/quarkus-swagger-ui-3.15.1.jar:/Users/janniknu/.m2/repository/io/quarkus/quarkus-smallrye-health/3.15.1/quarkus-smallrye-health-3.15.1.jar:/Users/janniknu/.m2/repository/io/smallrye/smallrye-health/4.1.0/smallrye-health-4.1.0.jar:/Users/janniknu/.m2/repository/org/eclipse/microprofile/health/microprofile-health-api/4.0.1/microprofile-health-api-4.0.1.jar:/Users/janniknu/.m2/repository/io/smallrye/smallrye-health-api/4.1.0/smallrye-health-api-4.1.0.jar:/Users/janniknu/.m2/repository/jakarta/json/jakarta.json-api/2.1.3/jakarta.json-api-2.1.3.jar:/Users/janniknu/.m2/repository/io/smallrye/smallrye-health-provided-checks/4.1.0/smallrye-health-provided-checks-4.1.0.jar:/Users/janniknu/.m2/repository/io/quarkus/quarkus-junit5/3.15.1/quarkus-junit5-3.15.1.jar:/Users/janniknu/.m2/repository/io/quarkus/quarkus-bootstrap-core/3.15.1/quarkus-bootstrap-core-3.15.1.jar:/Users/janniknu/.m2/repository/io/quarkus/quarkus-classloader-commons/3.15.1/quarkus-classloader-commons-3.15.1.jar:/Users/janniknu/.m2/repository/io/quarkus/quarkus-bootstrap-app-model/3.15.1/quarkus-bootstrap-app-model-3.15.1.jar:/Users/janniknu/.m2/repository/io/smallrye/common/smallrye-common-io/2.6.0/smallrye-common-io-2.6.0.jar:/Users/janniknu/.m2/repository/org/eclipse/sisu/org.eclipse.sisu.inject/0.9.0.M3/org.eclipse.sisu.inject-0.9.0.M3.jar:/Users/janniknu/.m2/repository/io/quarkus/quarkus-test-common/3.15.1/quarkus-test-common-3.15.1.jar:/Users/janniknu/.m2/repository/io/quarkus/quarkus-core-deployment/3.15.1/quarkus-core-deployment-3.15.1.jar:/Users/janniknu/.m2/repository/org/aesh/readline/2.6/readline-2.6.jar:/Users/janniknu/.m2/repository/org/fusesource/jansi/jansi/2.4.0/jansi-2.4.0.jar:/Users/janniknu/.m2/repository/org/aesh/aesh/2.8.2/aesh-2.8.2.jar:/Users/janniknu/.m2/repository/io/quarkus/gizmo/gizmo/1.8.0/gizmo-1.8.0.jar:/Users/janniknu/.m2/repository/org/ow2/asm/asm-util/9.7/asm-util-9.7.jar:/Users/janniknu/.m2/repository/org/ow2/asm/asm-analysis/9.7/asm-analysis-9.7.jar:/Users/janniknu/.m2/repository/org/ow2/asm/asm/9.7/asm-9.7.jar:/Users/janniknu/.m2/repository/org/ow2/asm/asm-commons/9.7/asm-commons-9.7.jar:/Users/janniknu/.m2/repository/org/ow2/asm/asm-tree/9.7/asm-tree-9.7.jar:/Users/janniknu/.m2/repository/io/quarkus/quarkus-hibernate-validator-spi/3.15.1/quarkus-hibernate-validator-spi-3.15.1.jar:/Users/janniknu/.m2/repository/io/quarkus/quarkus-class-change-agent/3.15.1/quarkus-class-change-agent-3.15.1.jar:/Users/janniknu/.m2/repository/io/quarkus/quarkus-devtools-utilities/3.15.1/quarkus-devtools-utilities-3.15.1.jar:/Users/janniknu/.m2/repository/io/quarkus/quarkus-builder/3.15.1/quarkus-builder-3.15.1.jar:/Users/janniknu/.m2/repository/org/graalvm/sdk/nativeimage/23.1.2/nativeimage-23.1.2.jar:/Users/janniknu/.m2/repository/org/graalvm/sdk/word/23.1.2/word-23.1.2.jar:/Users/janniknu/.m2/repository/org/junit/platform/junit-platform-launcher/1.10.3/junit-platform-launcher-1.10.3.jar:/Users/janniknu/.m2/repository/io/quarkus/quarkus-bootstrap-maven-resolver/3.15.1/quarkus-bootstrap-maven-resolver-3.15.1.jar:/Users/janniknu/.m2/repository/io/smallrye/beanbag/smallrye-beanbag-maven/1.5.2/smallrye-beanbag-maven-1.5.2.jar:/Users/janniknu/.m2/repository/io/smallrye/beanbag/smallrye-beanbag-sisu/1.5.2/smallrye-beanbag-sisu-1.5.2.jar:/Users/janniknu/.m2/repository/io/smallrye/beanbag/smallrye-beanbag/1.5.2/smallrye-beanbag-1.5.2.jar:/Users/janniknu/.m2/repository/javax/inject/javax.inject/1/javax.inject-1.jar:/Users/janniknu/.m2/repository/org/apache/maven/maven-artifact/3.9.8/maven-artifact-3.9.8.jar:/Users/janniknu/.m2/repository/org/apache/maven/maven-builder-support/3.9.8/maven-builder-support-3.9.8.jar:/Users/janniknu/.m2/repository/org/apache/maven/maven-model/3.9.8/maven-model-3.9.8.jar:/Users/janniknu/.m2/repository/org/apache/maven/maven-model-builder/3.9.8/maven-model-builder-3.9.8.jar:/Users/janniknu/.m2/repository/org/apache/maven/maven-repository-metadata/3.9.8/maven-repository-metadata-3.9.8.jar:/Users/janniknu/.m2/repository/org/apache/maven/maven-settings/3.9.8/maven-settings-3.9.8.jar:/Users/janniknu/.m2/repository/org/apache/maven/resolver/maven-resolver-api/1.9.22/maven-resolver-api-1.9.22.jar:/Users/janniknu/.m2/repository/org/apache/maven/resolver/maven-resolver-impl/1.9.22/maven-resolver-impl-1.9.22.jar:/Users/janniknu/.m2/repository/org/apache/maven/resolver/maven-resolver-named-locks/1.9.22/maven-resolver-named-locks-1.9.22.jar:/Users/janniknu/.m2/repository/org/apache/maven/resolver/maven-resolver-spi/1.9.22/maven-resolver-spi-1.9.22.jar:/Users/janniknu/.m2/repository/org/apache/maven/resolver/maven-resolver-util/1.9.22/maven-resolver-util-1.9.22.jar:/Users/janniknu/.m2/repository/org/apache/maven/resolver/maven-resolver-transport-http/1.9.20/maven-resolver-transport-http-1.9.20.jar:/Users/janniknu/.m2/repository/org/apache/maven/wagon/wagon-provider-api/3.5.3/wagon-provider-api-3.5.3.jar:/Users/janniknu/.m2/repository/org/apache/maven/wagon/wagon-http-shared/3.5.3/wagon-http-shared-3.5.3.jar:/Users/janniknu/.m2/repository/org/codehaus/plexus/plexus-interpolation/1.26/plexus-interpolation-1.26.jar:/Users/janniknu/.m2/repository/org/codehaus/plexus/plexus-utils/3.5.1/plexus-utils-3.5.1.jar:/Users/janniknu/.m2/repository/org/codehaus/plexus/plexus-xml/4.0.1/plexus-xml-4.0.1.jar:/Users/janniknu/.m2/repository/org/apache/maven/maven-xml-impl/4.0.0-alpha-5/maven-xml-impl-4.0.0-alpha-5.jar:/Users/janniknu/.m2/repository/org/apache/maven/maven-api-xml/4.0.0-alpha-5/maven-api-xml-4.0.0-alpha-5.jar:/Users/janniknu/.m2/repository/org/apache/maven/maven-api-meta/4.0.0-alpha-5/maven-api-meta-4.0.0-alpha-5.jar:/Users/janniknu/.m2/repository/org/codehaus/plexus/plexus-cipher/2.0/plexus-cipher-2.0.jar:/Users/janniknu/.m2/repository/org/codehaus/plexus/plexus-sec-dispatcher/2.0/plexus-sec-dispatcher-2.0.jar:/Users/janniknu/.m2/repository/org/apache/maven/maven-embedder/3.9.8/maven-embedder-3.9.8.jar:/Users/janniknu/.m2/repository/org/apache/maven/maven-core/3.9.8/maven-core-3.9.8.jar:/Users/janniknu/.m2/repository/org/codehaus/plexus/plexus-component-annotations/2.1.0/plexus-component-annotations-2.1.0.jar:/Users/janniknu/.m2/repository/org/apache/maven/maven-plugin-api/3.9.8/maven-plugin-api-3.9.8.jar:/Users/janniknu/.m2/repository/org/apache/maven/shared/maven-shared-utils/3.4.2/maven-shared-utils-3.4.2.jar:/Users/janniknu/.m2/repository/com/google/inject/guice/5.1.0/guice-5.1.0.jar:/Users/janniknu/.m2/repository/aopalliance/aopalliance/1.0/aopalliance-1.0.jar:/Users/janniknu/.m2/repository/com/google/guava/guava/33.2.1-jre/guava-33.2.1-jre.jar:/Users/janniknu/.m2/repository/com/google/guava/failureaccess/1.0.1/failureaccess-1.0.1.jar:/Users/janniknu/.m2/repository/javax/annotation/javax.annotation-api/1.3.2/javax.annotation-api-1.3.2.jar:/Users/janniknu/.m2/repository/org/codehaus/plexus/plexus-classworlds/2.6.0/plexus-classworlds-2.6.0.jar:/Users/janniknu/.m2/repository/commons-cli/commons-cli/1.8.0/commons-cli-1.8.0.jar:/Users/janniknu/.m2/repository/org/eclipse/sisu/org.eclipse.sisu.plexus/0.9.0.M3/org.eclipse.sisu.plexus-0.9.0.M3.jar:/Users/janniknu/.m2/repository/org/apache/maven/maven-settings-builder/3.9.8/maven-settings-builder-3.9.8.jar:/Users/janniknu/.m2/repository/org/apache/maven/maven-resolver-provider/3.9.8/maven-resolver-provider-3.9.8.jar:/Users/janniknu/.m2/repository/org/apache/maven/resolver/maven-resolver-connector-basic/1.9.22/maven-resolver-connector-basic-1.9.22.jar:/Users/janniknu/.m2/repository/org/apache/maven/resolver/maven-resolver-transport-wagon/1.9.22/maven-resolver-transport-wagon-1.9.22.jar:/Users/janniknu/.m2/repository/org/apache/maven/wagon/wagon-http/3.5.3/wagon-http-3.5.3.jar:/Users/janniknu/.m2/repository/org/apache/maven/wagon/wagon-file/3.5.3/wagon-file-3.5.3.jar:/Users/janniknu/.m2/repository/io/quarkus/quarkus-bootstrap-gradle-resolver/3.15.1/quarkus-bootstrap-gradle-resolver-3.15.1.jar:/Users/janniknu/.m2/repository/commons-io/commons-io/2.16.1/commons-io-2.16.1.jar:/Users/janniknu/.m2/repository/io/quarkus/quarkus-junit5-properties/3.15.1/quarkus-junit5-properties-3.15.1.jar:/Users/janniknu/.m2/repository/org/junit/jupiter/junit-jupiter/5.10.3/junit-jupiter-5.10.3.jar:/Users/janniknu/.m2/repository/org/junit/jupiter/junit-jupiter-api/5.10.3/junit-jupiter-api-5.10.3.jar:/Users/janniknu/.m2/repository/org/opentest4j/opentest4j/1.3.0/opentest4j-1.3.0.jar:/Users/janniknu/.m2/repository/org/junit/platform/junit-platform-commons/1.10.3/junit-platform-commons-1.10.3.jar:/Users/janniknu/.m2/repository/org/apiguardian/apiguardian-api/1.1.2/apiguardian-api-1.1.2.jar:/Users/janniknu/.m2/repository/org/junit/jupiter/junit-jupiter-params/5.10.3/junit-jupiter-params-5.10.3.jar:/Users/janniknu/.m2/repository/org/junit/jupiter/junit-jupiter-engine/5.10.3/junit-jupiter-engine-5.10.3.jar:/Users/janniknu/.m2/repository/org/junit/platform/junit-platform-engine/1.10.3/junit-platform-engine-1.10.3.jar:/Users/janniknu/.m2/repository/org/jboss/marshalling/jboss-marshalling/2.2.1.Final/jboss-marshalling-2.2.1.Final.jar:/Users/janniknu/.m2/repository/io/rest-assured/rest-assured/5.5.0/rest-assured-5.5.0.jar:/Users/janniknu/.m2/repository/org/apache/groovy/groovy/4.0.22/groovy-4.0.22.jar:/Users/janniknu/.m2/repository/org/apache/groovy/groovy-xml/4.0.22/groovy-xml-4.0.22.jar:/Users/janniknu/.m2/repository/org/apache/httpcomponents/httpclient/4.5.14/httpclient-4.5.14.jar:/Users/janniknu/.m2/repository/org/apache/httpcomponents/httpcore/4.4.16/httpcore-4.4.16.jar:/Users/janniknu/.m2/repository/commons-codec/commons-codec/1.17.1/commons-codec-1.17.1.jar:/Users/janniknu/.m2/repository/org/apache/httpcomponents/httpmime/4.5.14/httpmime-4.5.14.jar:/Users/janniknu/.m2/repository/org/hamcrest/hamcrest/2.2/hamcrest-2.2.jar:/Users/janniknu/.m2/repository/org/ccil/cowan/tagsoup/tagsoup/1.2.1/tagsoup-1.2.1.jar:/Users/janniknu/.m2/repository/io/rest-assured/json-path/5.5.0/json-path-5.5.0.jar:/Users/janniknu/.m2/repository/org/apache/groovy/groovy-json/4.0.22/groovy-json-4.0.22.jar:/Users/janniknu/.m2/repository/io/rest-assured/rest-assured-common/5.5.0/rest-assured-common-5.5.0.jar:/Users/janniknu/.m2/repository/io/rest-assured/xml-path/5.5.0/xml-path-5.5.0.jar:/Users/janniknu/.m2/repository/org/apache/commons/commons-lang3/3.14.0/commons-lang3-3.14.0.jar:"/>
    <property name="sun.cpu.endian" value="little"/>
    <property name="vertx.disableWebsockets" value="true"/>
    <property name="user.home" value="/Users/janniknu"/>
    <property name="user.language" value="de"/>
    <property name="jboss.log-version" value="false"/>
    <property name="mp.openapi.extensions.smallrye.defaultPrimitivesConsumes" value="text/plain"/>
    <property name="java.specification.vendor" value="Oracle Corporation"/>
    <property name="io.netty.allocator.maxOrder" value="3"/>
    <property name="java.version.date" value="2024-10-15"/>
    <property name="java.home" value="/Library/Java/JavaVirtualMachines/jdk-21.jdk/Contents/Home"/>
    <property name="file.separator" value="/"/>
    <property name="basedir" value="/Users/janniknu/01_Projekte/Projekt_Inventarverwaltung/inv/iiservice"/>
    <property name="java.vm.compressedOopsMode" value="Zero based"/>
    <property name="line.separator" value="&#10;"/>
    <property name="java.vm.specification.vendor" value="Oracle Corporation"/>
    <property name="java.specification.name" value="Java Platform API Specification"/>
    <property name="apple.awt.application.name" value="ForkedBooter"/>
    <property name="surefire.real.class.path" value="/Users/janniknu/01_Projekte/Projekt_Inventarverwaltung/inv/iiservice/target/surefire/surefirebooter-20241105201838427_3.jar"/>
    <property name="mp.openapi.extensions.smallrye.defaultStreamingConsumes" value="application/octet-stream"/>
    <property name="sun.management.compiler" value="HotSpot 64-Bit Tiered Compilers"/>
    <property name="ftp.nonProxyHosts" value="local|*.local|169.254/16|*.169.254/16"/>
    <property name="mp.openapi.extensions.smallrye.defaultPrimitivesProduces" value="text/plain"/>
    <property name="java.runtime.version" value="21.0.5+9-LTS-239"/>
    <property name="user.name" value="janniknu"/>
    <property name="stdout.encoding" value="UTF-8"/>
    <property name="path.separator" value=":"/>
    <property name="os.version" value="15.0.1"/>
    <property name="java.runtime.name" value="Java(TM) SE Runtime Environment"/>
    <property name="file.encoding" value="UTF-8"/>
    <property name="java.vm.name" value="Java HotSpot(TM) 64-Bit Server VM"/>
    <property name="localRepository" value="/Users/janniknu/.m2/repository"/>
    <property name="java.vendor.url.bug" value="https://bugreport.java.com/bugreport/"/>
    <property name="java.io.tmpdir" value="/var/folders/f2/_vqsw_1d3g19tsvxrrl4ky5m0000gn/T/"/>
    <property name="quarkus.log.file.path" value="target/quarkus.log"/>
    <property name="java.version" value="21.0.5"/>
    <property name="mp.openapi.extensions.smallrye.defaultStreamingProduces" value="application/octet-stream"/>
    <property name="java.util.concurrent.ForkJoinPool.common.threadFactory" value="io.quarkus.bootstrap.forkjoin.QuarkusForkJoinWorkerThreadFactory"/>
    <property name="user.dir" value="/Users/janniknu/01_Projekte/Projekt_Inventarverwaltung/inv/iiservice"/>
    <property name="os.arch" value="x86_64"/>
    <property name="java.vm.specification.name" value="Java Virtual Machine Specification"/>
    <property name="vertx.disableDnsResolver" value="true"/>
    <property name="native.encoding" value="UTF-8"/>
    <property name="java.util.logging.manager" value="org.jboss.logmanager.LogManager"/>
    <property name="java.library.path" value="/Users/janniknu/Library/Java/Extensions:/Library/Java/Extensions:/Network/Library/Java/Extensions:/System/Library/Java/Extensions:/usr/lib/java:."/>
    <property name="java.vm.info" value="mixed mode, sharing"/>
    <property name="stderr.encoding" value="UTF-8"/>
    <property name="java.vendor" value="Oracle Corporation"/>
    <property name="vertx.disableTCCL" value="true"/>
    <property name="java.vm.version" value="21.0.5+9-LTS-239"/>
    <property name="sun.io.unicode.encoding" value="UnicodeBig"/>
    <property name="io.netty.machineId" value="f9:e5:ab:fc:1a:fc:6d:72"/>
    <property name="socksNonProxyHosts" value="local|*.local|169.254/16|*.169.254/16"/>
    <property name="java.class.version" value="65.0"/>
    <property name="mp.openapi.extensions.smallrye.defaultConsumes" value="application/json"/>
  </properties>
  <testcase name="testDeleteInventoryItem" classname="de.equipli.InventoryItemResourceTest" time="2.519">
    <system-out><![CDATA[2024-11-05 20:18:43,363 INFO  [org.tes.DockerClientFactory] (build-24) Testcontainers version: 1.20.1
2024-11-05 20:18:43,604 INFO  [org.tes.doc.DockerClientProviderStrategy] (build-24) Loaded org.testcontainers.dockerclient.UnixSocketClientProviderStrategy from ~/.testcontainers.properties, will try it first
2024-11-05 20:18:44,031 INFO  [org.tes.doc.DockerClientProviderStrategy] (build-24) Found Docker environment with local Unix socket (unix:///var/run/docker.sock)
2024-11-05 20:18:44,033 INFO  [org.tes.DockerClientFactory] (build-24) Docker host IP address is localhost
2024-11-05 20:18:44,045 INFO  [org.tes.DockerClientFactory] (build-24) Connected to docker: 
  Server Version: 27.2.0
  API Version: 1.47
  Operating System: Docker Desktop
  Total Memory: 3913 MB
2024-11-05 20:18:44,062 INFO  [org.tes.ima.PullPolicy] (build-24) Image pull policy will be performed by: DefaultPullPolicy()
2024-11-05 20:18:44,064 INFO  [org.tes.uti.ImageNameSubstitutor] (build-24) Image name substitution will be performed by: DefaultImageNameSubstitutor (composite of 'ConfigurationFileImageNameSubstitutor' and 'PrefixingImageNameSubstitutor')
2024-11-05 20:18:44,072 INFO  [org.tes.DockerClientFactory] (build-24) Checking the system...
2024-11-05 20:18:44,072 INFO  [org.tes.DockerClientFactory] (build-24) ✔︎ Docker server version should be at least 1.6.0
2024-11-05 20:18:49,636 INFO  [tc.doc.io/postgres:14] (build-24) Creating container for image: docker.io/postgres:14
2024-11-05 20:18:49,984 INFO  [org.tes.uti.RegistryAuthLocator] (build-24) Credential helper/store (docker-credential-desktop) does not have credentials for docker.io
2024-11-05 20:18:49,999 WARN  [tc.doc.io/postgres:14] (build-24) Reuse was requested but the environment does not support the reuse of containers
To enable reuse of containers, you must set 'testcontainers.reuse.enable=true' in a file located at /Users/janniknu/.testcontainers.properties
2024-11-05 20:18:50,001 INFO  [tc.tes.8.1] (build-24) Creating container for image: testcontainers/ryuk:0.8.1
2024-11-05 20:18:50,088 INFO  [org.tes.uti.RegistryAuthLocator] (build-24) Credential helper/store (docker-credential-desktop) does not have credentials for https://index.docker.io/v1/
2024-11-05 20:18:50,299 INFO  [tc.tes.8.1] (build-24) Container testcontainers/ryuk:0.8.1 is starting: 6a8a8bec3d178844929c615aafb943711d3915eb1bf52e1e1acf96f61f41783c
2024-11-05 20:18:51,117 INFO  [tc.tes.8.1] (build-24) Container testcontainers/ryuk:0.8.1 started in PT1.115737S
2024-11-05 20:18:51,366 INFO  [tc.doc.io/postgres:14] (build-24) Container docker.io/postgres:14 is starting: 5fad3ee6a4e10997f1e5aabcd6d76e43503145e079bc3c9cf3e125897b73cd00
2024-11-05 20:18:56,506 INFO  [tc.doc.io/postgres:14] (build-24) Container docker.io/postgres:14 started in PT6.869309S
2024-11-05 20:18:56,509 INFO  [tc.doc.io/postgres:14] (build-24) Container is started (JDBC URL: jdbc:postgresql://localhost:61486/quarkus?loggerLevel=OFF)
2024-11-05 20:18:56,510 INFO  [io.qua.dev.pos.dep.PostgresqlDevServicesProcessor] (build-24) Dev Services for PostgreSQL started.
2024-11-05 20:18:56,516 INFO  [io.qua.dat.dep.dev.DevServicesDatasourceProcessor] (build-24) Dev Services for default datasource (postgresql) started - container ID is 5fad3ee6a4e1
2024-11-05 20:18:56,530 INFO  [io.qua.hib.orm.dep.dev.HibernateOrmDevServicesProcessor] (build-2) Setting quarkus.hibernate-orm.database.generation=drop-and-create to initialize Dev Services managed database
2024-11-05 20:18:59,996 INFO  [io.quarkus] (main) inventoryitem-service 1.0.0-SNAPSHOT on JVM (powered by Quarkus 3.15.1) started in 18.147s. Listening on: http://localhost:8081
2024-11-05 20:18:59,998 INFO  [io.quarkus] (main) Profile test activated. 
2024-11-05 20:18:59,998 INFO  [io.quarkus] (main) Installed features: [agroal, cdi, hibernate-orm, hibernate-orm-panache, jdbc-postgresql, narayana-jta, rest, rest-jackson, smallrye-context-propagation, smallrye-health, smallrye-openapi, swagger-ui, vertx]
]]></system-out>
  </testcase>
  <testcase name="testPutInventoryItems" classname="de.equipli.InventoryItemResourceTest" time="0.077"/>
  <testcase name="testAddInventoryItem" classname="de.equipli.InventoryItemResourceTest" time="0.051">
    <failure message="1 expectation failed.&#10;JSON path photo doesn&apos;t match.&#10;Expected: is &quot;https://www.thi.de/fileadmin/daten/allgemein/Inhalte_von_alter_Website/thi_logo_wb_RGB_office_DIN_A4.jpg&quot;&#10;  Actual: null&#10;" type="java.lang.AssertionError"><![CDATA[java.lang.AssertionError: 
1 expectation failed.
JSON path photo doesn't match.
Expected: is "https://www.thi.de/fileadmin/daten/allgemein/Inhalte_von_alter_Website/thi_logo_wb_RGB_office_DIN_A4.jpg"
  Actual: null

	at java.base/jdk.internal.reflect.DirectConstructorHandleAccessor.newInstance(DirectConstructorHandleAccessor.java:62)
	at java.base/java.lang.reflect.Constructor.newInstanceWithCaller(Constructor.java:502)
	at java.base/java.lang.reflect.Constructor.newInstance(Constructor.java:486)
	at org.codehaus.groovy.reflection.CachedConstructor.invoke(CachedConstructor.java:73)
	at org.codehaus.groovy.runtime.callsite.ConstructorSite$ConstructorSiteNoUnwrapNoCoerce.callConstructor(ConstructorSite.java:108)
	at org.codehaus.groovy.runtime.callsite.CallSiteArray.defaultCallConstructor(CallSiteArray.java:57)
	at org.codehaus.groovy.runtime.callsite.AbstractCallSite.callConstructor(AbstractCallSite.java:263)
	at org.codehaus.groovy.runtime.callsite.AbstractCallSite.callConstructor(AbstractCallSite.java:277)
	at io.restassured.internal.ResponseSpecificationImpl$HamcrestAssertionClosure.validate(ResponseSpecificationImpl.groovy:512)
	at io.restassured.internal.ResponseSpecificationImpl$HamcrestAssertionClosure$validate$1.call(Unknown Source)
	at io.restassured.internal.ResponseSpecificationImpl.validateResponseIfRequired(ResponseSpecificationImpl.groovy:696)
	at io.restassured.internal.ResponseSpecificationImpl.this$2$validateResponseIfRequired(ResponseSpecificationImpl.groovy)
	at java.base/jdk.internal.reflect.DirectMethodHandleAccessor.invoke(DirectMethodHandleAccessor.java:103)
	at java.base/java.lang.reflect.Method.invoke(Method.java:580)
	at org.codehaus.groovy.runtime.callsite.PlainObjectMetaMethodSite.doInvoke(PlainObjectMetaMethodSite.java:43)
	at org.codehaus.groovy.runtime.callsite.PogoMetaMethodSite$PogoCachedMethodSiteNoUnwrapNoCoerce.invoke(PogoMetaMethodSite.java:198)
	at org.codehaus.groovy.runtime.callsite.PogoMetaMethodSite.callCurrent(PogoMetaMethodSite.java:62)
	at org.codehaus.groovy.runtime.callsite.AbstractCallSite.callCurrent(AbstractCallSite.java:185)
	at io.restassured.internal.ResponseSpecificationImpl.body(ResponseSpecificationImpl.groovy:270)
	at io.restassured.specification.ResponseSpecification$body$1.callCurrent(Unknown Source)
	at io.restassured.internal.ResponseSpecificationImpl.body(ResponseSpecificationImpl.groovy:117)
	at io.restassured.internal.ValidatableResponseOptionsImpl.body(ValidatableResponseOptionsImpl.java:244)
	at de.equipli.InventoryItemResourceTest.testAddInventoryItem(InventoryItemResourceTest.java:37)
	at java.base/java.lang.reflect.Method.invoke(Method.java:580)
	at io.quarkus.test.junit.QuarkusTestExtension.runExtensionMethod(QuarkusTestExtension.java:973)
	at io.quarkus.test.junit.QuarkusTestExtension.interceptTestMethod(QuarkusTestExtension.java:823)
	at java.base/java.util.ArrayList.forEach(ArrayList.java:1596)
	at java.base/java.util.ArrayList.forEach(ArrayList.java:1596)
]]></failure>
  </testcase>
  <testcase name="testGetInventoryItems" classname="de.equipli.InventoryItemResourceTest" time="0.2"/>
</testsuite>